TN:
SF:03-errorcount.js
FN:13,errorHandlerMiddleware
FN:23,invalidRouteHandlerMiddleware
FNF:2
FNH:1
FNDA:11,errorHandlerMiddleware
FNDA:0,invalidRouteHandlerMiddleware
DA:1,1
DA:2,1
DA:3,1
DA:4,1
DA:5,1
DA:6,1
DA:7,1
DA:8,1
DA:9,1
DA:10,1
DA:11,1
DA:12,1
DA:13,1
DA:14,11
DA:15,11
DA:16,11
DA:17,11
DA:18,11
DA:19,11
DA:20,11
DA:21,11
DA:22,1
DA:23,1
DA:24,0
DA:25,0
DA:26,0
DA:27,1
DA:28,1
DA:29,11
DA:30,0
DA:31,1
DA:32,1
DA:33,1
DA:34,0
DA:35,1
DA:36,1
DA:37,1
DA:38,2
DA:39,1
DA:40,1
DA:41,1
DA:42,1
DA:43,1
DA:44,1
DA:45,1
DA:46,1
DA:47,1
DA:48,1
DA:49,1
LF:49
LH:44
BRDA:13,0,0,11
BRDA:28,1,0,11
BRDA:29,2,0,0
BRDA:37,3,0,2
BRDA:45,4,0,1
BRF:5
BRH:4
end_of_record
